<?xml version="1.0" encoding="UTF-8"?>
<testng-results ignored="0" total="1" passed="1" failed="0" skipped="0">
  <reporter-output>
  </reporter-output>
  <suite started-at="2025-03-12T17:55:16 IST" name="Default suite" finished-at="2025-03-12T17:56:03 IST" duration-ms="47037">
    <groups>
    </groups>
    <test started-at="2025-03-12T17:55:16 IST" name="Default test" finished-at="2025-03-12T17:56:03 IST" duration-ms="47037">
      <class name="com.own.testcases.Searchpagetestcase">
        <test-method is-config="true" signature="setUp()[pri:0, instance:com.own.testcases.Searchpagetestcase@4c0884e8]" started-at="2025-03-12T17:55:16 IST" name="setUp" finished-at="2025-03-12T17:55:28 IST" duration-ms="11559" status="PASS">
          <reporter-output>
          </reporter-output>
        </test-method> <!-- setUp -->
        <test-method signature="search222()[pri:0, instance:com.own.testcases.Searchpagetestcase@4c0884e8]" started-at="2025-03-12T17:55:28 IST" name="search222" finished-at="2025-03-12T17:56:03 IST" duration-ms="35114" status="PASS">
          <reporter-output>
          </reporter-output>
        </test-method> <!-- search222 -->
        <test-method is-config="true" signature="tearDown()[pri:0, instance:com.own.testcases.Searchpagetestcase@4c0884e8]" started-at="2025-03-12T17:56:03 IST" name="tearDown" finished-at="2025-03-12T17:56:03 IST" duration-ms="315" status="PASS">
          <reporter-output>
          </reporter-output>
        </test-method> <!-- tearDown -->
      </class> <!-- com.own.testcases.Searchpagetestcase -->
    </test> <!-- Default test -->
  </suite> <!-- Default suite -->
</testng-results>
